[2016-12-03T21:00:28.818Z][32401] drepl:bot started
[2016-12-03T21:00:57.473Z][32444] drepl:bot  started
[2016-12-03T21:02:03.573Z][32559] drepl:bot  started
[2016-12-03T21:03:10.947Z][32647] drepl:bot  started
[2016-12-03T21:06:29.861Z][526] drepl:bot  started
[2016-12-03T21:09:16.866Z][885] drepl:bot  started
[2016-12-03T21:10:00.171Z][954] drepl:bot  started
[2016-12-03T21:10:16.027Z][998] drepl:bot  started
[2016-12-03T21:10:42.387Z][1054] drepl:bot  started
[2016-12-03T21:10:59.152Z][1115] drepl:bot  started
[2016-12-03T21:11:10.395Z][1158] drepl:bot  started
[2016-12-03T21:12:38.877Z][1286] drepl:bot  started
[2016-12-03T21:12:51.265Z][1324] drepl:bot  started
[2016-12-03T21:13:20.069Z][1397] drepl:bot  started
[2016-12-03T21:13:32.776Z][1436] drepl:bot  started
[2016-12-03T21:13:49.307Z][1565] drepl:bot  started
[2016-12-03T21:15:17.803Z][1665] drepl:bot  started
[2016-12-03T21:15:33.682Z][1711] drepl:bot  started
[2016-12-03T21:16:57.881Z][1783] drepl:bot  started
[2016-12-03T21:22:06.061Z][2271] drepl:bot  started
[2016-12-03T21:26:57.280Z][2772] drepl:bot  started
[2016-12-03T21:27:32.384Z][2823] drepl:bot  started
[2016-12-03T21:28:26.162Z][2947] drepl:bot  started
[2016-12-03T21:28:59.592Z][3007] drepl:bot  started
[2016-12-03T21:29:24.157Z][3054] drepl:bot  started
[2016-12-03T21:32:22.516Z][3327] drepl:bot  started
[2016-12-03T21:32:39.039Z][3376] drepl:bot  started
[2016-12-03T21:34:17.100Z][3506] drepl:bot  started
[2016-12-03T21:34:53.220Z][3562] drepl:bot  started
[2016-12-03T21:35:11.022Z][3629] drepl:bot  started
[2016-12-03T21:35:21.139Z][3673] drepl:bot  started
[2016-12-03T21:37:10.086Z][3794] drepl:bot  started
[2016-12-03T21:38:45.401Z][3912] drepl:bot  started
[2016-12-03T21:40:14.667Z][3912] drepl:install  install null
[2016-12-03T21:40:29.006Z][3912] drepl:install  install null
[2016-12-03T21:42:14.022Z][4106] drepl:bot  started
[2016-12-03T21:42:18.492Z][4106] drepl:install  install null
[2016-12-03T21:42:57.724Z][4160] drepl:bot  started
[2016-12-03T21:43:02.693Z][4160] drepl:install  install pixie
[2016-12-03T21:46:23.275Z][4160] drepl:install  install undefined
[2016-12-03T21:46:50.012Z][4160] drepl:install  install undefined
[2016-12-03T21:47:19.357Z][4433] drepl:bot  started
[2016-12-03T21:47:31.618Z][4433] drepl:install  install seanc/dec-to-roman
[2016-12-03T21:52:16.140Z][4823] drepl:bot  started
[2016-12-03T21:52:45.612Z][4877] drepl:bot  started
[2016-12-03T21:53:30.969Z][4952] drepl:bot  started
[2016-12-03T21:53:45.325Z][5002] drepl:bot  started
[2016-12-03T22:11:54.652Z][5002] drepl:install  install romans
[2016-12-03T22:12:11.511Z][5002] drepl:install  install romans
[2016-12-03T22:14:04.173Z][5002] drepl:install  install aids
[2016-12-03T22:14:10.481Z][5002] drepl:install  install aids
[2016-12-03T22:17:10.309Z][6278] drepl:bot  started
[2016-12-03T22:18:10.108Z][6278] drepl:install  install baggo
[2016-12-03T22:20:28.461Z][6278] drepl:install  install typling-signature
[2016-12-03T22:21:47.701Z][6278] drepl:install  install aids
[2016-12-03T22:23:16.856Z][6278] drepl:install  install acorn
[2016-12-03T22:23:17.194Z][6278] drepl:install  install typling-ast
[2016-12-03T22:23:48.892Z][6278] drepl:install  install acorn
[2016-12-03T22:23:48.930Z][6278] drepl:install  install typling-ast
[2016-12-03T22:24:25.832Z][6278] drepl:install  install typling-ast
[2016-12-03T22:24:25.842Z][6278] drepl:install  install acorn
[2016-12-03T22:24:56.324Z][6737] drepl:bot  started
[2016-12-03T22:25:25.008Z][6737] drepl:install  install typling-ast
[2016-12-03T22:25:27.393Z][6737] drepl:install  install esprima
[2016-12-03T22:26:36.155Z][6737] drepl:install  install typling-ast
[2016-12-03T22:26:36.284Z][6737] drepl:install  install esprima
[2016-12-03T22:27:27.302Z][6828] drepl:bot  started
[2016-12-03T22:47:48.262Z][8176] drepl:bot  started
[2016-12-03T22:49:02.806Z][8258] drepl:bot  started
[2016-12-03T22:50:12.329Z][8322] drepl:bot  started
[2016-12-03T22:50:36.420Z][8374] drepl:bot  started
[2016-12-03T22:51:15.666Z][8442] drepl:bot  started
[2016-12-03T22:51:32.589Z][8486] drepl:bot  started
[2016-12-03T22:51:48.287Z][8554] drepl:bot  started
[2016-12-03T22:52:10.759Z][8605] drepl:bot  started
[2016-12-03T22:52:39.400Z][8651] drepl:bot  started
[2016-12-03T22:59:17.682Z][9132] drepl:bot  started
[2016-12-03T23:06:19.973Z][9567] drepl:bot  started
[2016-12-03T23:09:31.184Z][9772] drepl:bot  started
[2016-12-03T23:09:37.734Z][9810] drepl:bot  started
[2016-12-03T23:09:49.960Z][9851] drepl:bot  started
[2016-12-03T23:13:59.218Z][10040] drepl:bot  started
[2016-12-03T23:14:31.159Z][10093] drepl:bot  started
[2016-12-03T23:14:37.504Z][10093] drepl:install  install fs
[2016-12-03T23:15:29.951Z][10216] drepl:bot  started
[2016-12-03T23:22:21.085Z][10521] drepl:bot  started
[2016-12-03T23:22:40.523Z][10559] drepl:bot  started
[2016-12-03T23:29:06.371Z][10920] drepl:bot  started
[2016-12-03T23:31:19.611Z][11453] drepl:bot  started
[2016-12-03T23:38:05.517Z][11453] drepl:install  install pixie
[2016-12-03T23:38:08.570Z][11453] drepl:install  install pixie-date
[2016-12-03T23:41:26.230Z][11453] drepl:install  install babylon
[2016-12-03T23:41:26.682Z][11453] drepl:install  install typling-ast
[2016-12-03T23:42:11.957Z][11453] drepl:install  install typling-ast
[2016-12-03T23:42:12.081Z][11453] drepl:install  install babylon
[2016-12-03T23:42:30.562Z][11453] drepl:install  install typling-ast
[2016-12-03T23:42:30.573Z][11453] drepl:install  install espree
[2016-12-03T23:42:52.222Z][11453] drepl:install  install typling-ast
[2016-12-03T23:42:54.570Z][11453] drepl:install  install esprima
[2016-12-03T23:44:22.502Z][12385] drepl:bot  started
[2016-12-04T00:29:30.460Z][14786] drepl:bot  started
